C:\USERS\AMANDA\DOCUMENTS\VISUAL STUDIO 2012\PROJECTS\HW 2.0\HW 2.0\DEBUG\HW 2.0.OBJ
C:\USERS\AMANDA\DOCUMENTS\VISUAL STUDIO 2012\PROJECTS\HW 2.0\HW 2.0\DEBUG\VC110.PDB
C:\USERS\AMANDA\DOCUMENTS\VISUAL STUDIO 2012\PROJECTS\HW 2.0\DEBUG\HW 2.0.ILK
C:\USERS\AMANDA\DOCUMENTS\VISUAL STUDIO 2012\PROJECTS\HW 2.0\DEBUG\HW 2.0.EXE
C:\USERS\AMANDA\DOCUMENTS\VISUAL STUDIO 2012\PROJECTS\HW 2.0\DEBUG\HW 2.0.PDB
C:\Users\amanda\Documents\Visual Studio 2012\Projects\HW 2.0\HW 2.0\Debug\HW 2.0.obj
C:\Users\amanda\Documents\Visual Studio 2012\Projects\HW 2.0\HW 2.0\Debug\cl.command.1.tlog
C:\Users\amanda\Documents\Visual Studio 2012\Projects\HW 2.0\HW 2.0\Debug\CL.read.1.tlog
C:\Users\amanda\Documents\Visual Studio 2012\Projects\HW 2.0\HW 2.0\Debug\CL.write.1.tlog
C:\Users\amanda\Documents\Visual Studio 2012\Projects\HW 2.0\HW 2.0\Debug\link-cvtres.read.1.tlog
C:\Users\amanda\Documents\Visual Studio 2012\Projects\HW 2.0\HW 2.0\Debug\link-cvtres.write.1.tlog
C:\Users\amanda\Documents\Visual Studio 2012\Projects\HW 2.0\HW 2.0\Debug\link-rc.read.1.tlog
C:\Users\amanda\Documents\Visual Studio 2012\Projects\HW 2.0\HW 2.0\Debug\link-rc.write.1.tlog
C:\Users\amanda\Documents\Visual Studio 2012\Projects\HW 2.0\HW 2.0\Debug\link.2432-cvtres.read.1.tlog
C:\Users\amanda\Documents\Visual Studio 2012\Projects\HW 2.0\HW 2.0\Debug\link.2432-cvtres.write.1.tlog
C:\Users\amanda\Documents\Visual Studio 2012\Projects\HW 2.0\HW 2.0\Debug\link.2432-rc.read.1.tlog
C:\Users\amanda\Documents\Visual Studio 2012\Projects\HW 2.0\HW 2.0\Debug\link.2432-rc.write.1.tlog
C:\Users\amanda\Documents\Visual Studio 2012\Projects\HW 2.0\HW 2.0\Debug\link.2432.read.1.tlog
C:\Users\amanda\Documents\Visual Studio 2012\Projects\HW 2.0\HW 2.0\Debug\link.2432.write.1.tlog
C:\Users\amanda\Documents\Visual Studio 2012\Projects\HW 2.0\HW 2.0\Debug\link.500-cvtres.read.1.tlog
C:\Users\amanda\Documents\Visual Studio 2012\Projects\HW 2.0\HW 2.0\Debug\link.500-cvtres.write.1.tlog
C:\Users\amanda\Documents\Visual Studio 2012\Projects\HW 2.0\HW 2.0\Debug\link.500-rc.read.1.tlog
C:\Users\amanda\Documents\Visual Studio 2012\Projects\HW 2.0\HW 2.0\Debug\link.500-rc.write.1.tlog
C:\Users\amanda\Documents\Visual Studio 2012\Projects\HW 2.0\HW 2.0\Debug\link.500.read.1.tlog
C:\Users\amanda\Documents\Visual Studio 2012\Projects\HW 2.0\HW 2.0\Debug\link.500.write.1.tlog
C:\Users\amanda\Documents\Visual Studio 2012\Projects\HW 2.0\HW 2.0\Debug\link.6636-cvtres.read.1.tlog
C:\Users\amanda\Documents\Visual Studio 2012\Projects\HW 2.0\HW 2.0\Debug\link.6636-cvtres.write.1.tlog
C:\Users\amanda\Documents\Visual Studio 2012\Projects\HW 2.0\HW 2.0\Debug\link.6636-rc.read.1.tlog
C:\Users\amanda\Documents\Visual Studio 2012\Projects\HW 2.0\HW 2.0\Debug\link.6636-rc.write.1.tlog
C:\Users\amanda\Documents\Visual Studio 2012\Projects\HW 2.0\HW 2.0\Debug\link.6636.read.1.tlog
C:\Users\amanda\Documents\Visual Studio 2012\Projects\HW 2.0\HW 2.0\Debug\link.6636.write.1.tlog
C:\Users\amanda\Documents\Visual Studio 2012\Projects\HW 2.0\HW 2.0\Debug\link.7092-cvtres.read.1.tlog
C:\Users\amanda\Documents\Visual Studio 2012\Projects\HW 2.0\HW 2.0\Debug\link.7092-cvtres.write.1.tlog
C:\Users\amanda\Documents\Visual Studio 2012\Projects\HW 2.0\HW 2.0\Debug\link.7092-rc.read.1.tlog
C:\Users\amanda\Documents\Visual Studio 2012\Projects\HW 2.0\HW 2.0\Debug\link.7092-rc.write.1.tlog
C:\Users\amanda\Documents\Visual Studio 2012\Projects\HW 2.0\HW 2.0\Debug\link.7092.read.1.tlog
C:\Users\amanda\Documents\Visual Studio 2012\Projects\HW 2.0\HW 2.0\Debug\link.7092.write.1.tlog
C:\Users\amanda\Documents\Visual Studio 2012\Projects\HW 2.0\HW 2.0\Debug\link.command.1.tlog
C:\Users\amanda\Documents\Visual Studio 2012\Projects\HW 2.0\HW 2.0\Debug\link.read.1.tlog
C:\Users\amanda\Documents\Visual Studio 2012\Projects\HW 2.0\HW 2.0\Debug\link.write.1.tlog
C:\Users\amanda\Documents\Visual Studio 2012\Projects\HW 2.0\HW 2.0\Debug\vc110.idb
C:\Users\amanda\Documents\Visual Studio 2012\Projects\HW 2.0\HW 2.0\Debug\vc110.pdb
C:\Users\amanda\Documents\Visual Studio 2012\Projects\HW 2.0\Debug\HW 2.0.pdb
C:\Users\amanda\Documents\Visual Studio 2012\Projects\HW 2.0\Debug\HW 2.0.exe
C:\Users\amanda\Documents\Visual Studio 2012\Projects\HW 2.0\Debug\HW 2.0.ilk
